2017-07-25 13:12:47,925 [INFO]:[MainThread] Starting Safe Eyes
2017-07-25 13:12:47,933 [INFO]:[MainThread] Reading the configuration file
2017-07-25 13:12:47,933 [INFO]:[MainThread] Use system language for Safe Eyes
2017-07-25 13:12:47,933 [INFO]:[MainThread] Initialize the tray icon
2017-07-25 13:12:47,960 [INFO]:[MainThread] Initialize the break screen
2017-07-25 13:12:47,960 [INFO]:[MainThread] Initialize the notification
2017-07-25 13:12:47,960 [INFO]:[MainThread] Load all the plugins
2017-07-25 13:12:47,960 [INFO]:[MainThread] Initialize the core
2017-07-25 13:12:47,960 [INFO]:[MainThread] Scheduling next break
2017-07-25 13:12:47,961 [INFO]:[Thread-1] Update next break information
2017-07-25 13:12:47,968 [INFO]:[Thread-1] Pre-break waiting for 15 minutes
2017-07-25 13:13:16,181 [INFO]:[MainThread] Starting Safe Eyes
2017-07-25 13:13:16,189 [INFO]:[MainThread] Another instance of safeeyes is already running
2017-07-25 13:13:20,769 [INFO]:[MainThread] Starting Safe Eyes
2017-07-25 13:13:20,777 [INFO]:[MainThread] Another instance of safeeyes is already running
2017-07-25 13:13:33,657 [INFO]:[MainThread] Starting Safe Eyes
2017-07-25 13:13:33,665 [INFO]:[MainThread] Another instance of safeeyes is already running
2017-07-25 13:14:21,223 [INFO]:[MainThread] Starting Safe Eyes
2017-07-25 13:14:21,230 [INFO]:[MainThread] Another instance of safeeyes is already running
2017-07-25 13:20:57,350 [INFO]:[MainThread] Starting Safe Eyes
2017-07-25 13:20:57,357 [INFO]:[MainThread] Another instance of safeeyes is already running
2017-07-25 13:21:16,934 [INFO]:[MainThread] Starting Safe Eyes
2017-07-25 13:21:16,942 [INFO]:[MainThread] Reading the configuration file
2017-07-25 13:21:16,942 [INFO]:[MainThread] Use system language for Safe Eyes
2017-07-25 13:21:16,942 [INFO]:[MainThread] Initialize the tray icon
2017-07-25 13:21:16,969 [INFO]:[MainThread] Initialize the break screen
2017-07-25 13:21:16,969 [INFO]:[MainThread] Initialize the notification
2017-07-25 13:21:16,969 [INFO]:[MainThread] Load all the plugins
2017-07-25 13:21:16,970 [INFO]:[MainThread] Initialize the core
2017-07-25 13:21:16,970 [INFO]:[MainThread] Scheduling next break
2017-07-25 13:21:16,970 [INFO]:[Thread-1] Update next break information
2017-07-25 13:21:16,978 [INFO]:[Thread-1] Pre-break waiting for 15 minutes
2017-07-25 13:27:12,385 [INFO]:[Thread-2] Pause Safe Eyes due to system idle
2017-07-25 13:27:12,385 [INFO]:[Thread-1] Pre-break waiting is over
2017-07-26 17:20:03,494 [INFO]:[Thread-2] Resume Safe Eyes due to user activity
2017-07-26 17:20:03,495 [INFO]:[Thread-3] Update next break information
2017-07-26 17:20:03,497 [INFO]:[Thread-3] Pre-break waiting for 15 minutes
2017-08-08 19:38:54,252 [INFO]:[MainThread] Starting Safe Eyes
2017-08-08 19:38:54,260 [INFO]:[MainThread] Reading the configuration file
2017-08-08 19:38:54,261 [INFO]:[MainThread] Use system language for Safe Eyes
2017-08-08 19:38:54,261 [INFO]:[MainThread] Initialize the tray icon
2017-08-08 19:38:54,290 [INFO]:[MainThread] Initialize the break screen
2017-08-08 19:38:54,290 [INFO]:[MainThread] Initialize the notification
2017-08-08 19:38:54,291 [INFO]:[MainThread] Load all the plugins
2017-08-08 19:38:54,291 [INFO]:[MainThread] Initialize the core
2017-08-08 19:38:54,291 [INFO]:[MainThread] Scheduling next break
2017-08-08 19:38:54,291 [INFO]:[Thread-1] Update next break information
2017-08-08 19:38:54,302 [INFO]:[Thread-1] Pre-break waiting for 15 minutes
2017-08-08 19:43:00,119 [INFO]:[MainThread] Starting Safe Eyes
2017-08-08 19:43:00,127 [INFO]:[MainThread] Reading the configuration file
2017-08-08 19:43:00,127 [INFO]:[MainThread] Use system language for Safe Eyes
2017-08-08 19:43:00,127 [INFO]:[MainThread] Initialize the tray icon
2017-08-08 19:43:00,155 [INFO]:[MainThread] Initialize the break screen
2017-08-08 19:43:00,155 [INFO]:[MainThread] Initialize the notification
2017-08-08 19:43:00,155 [INFO]:[MainThread] Load all the plugins
2017-08-08 19:43:00,155 [INFO]:[MainThread] Initialize the core
2017-08-08 19:43:00,155 [INFO]:[MainThread] Scheduling next break
2017-08-08 19:43:00,156 [INFO]:[Thread-1] Update next break information
2017-08-08 19:43:00,163 [INFO]:[Thread-1] Pre-break waiting for 15 minutes
2017-08-08 19:46:43,329 [INFO]:[MainThread] Starting Safe Eyes
2017-08-08 19:46:43,336 [INFO]:[MainThread] Reading the configuration file
2017-08-08 19:46:43,337 [INFO]:[MainThread] Use system language for Safe Eyes
2017-08-08 19:46:43,338 [INFO]:[MainThread] Initialize the tray icon
2017-08-08 19:46:43,394 [INFO]:[MainThread] Initialize the break screen
2017-08-08 19:46:43,394 [INFO]:[MainThread] Initialize the notification
2017-08-08 19:46:43,394 [INFO]:[MainThread] Load all the plugins
2017-08-08 19:46:43,395 [INFO]:[MainThread] Initialize the core
2017-08-08 19:46:43,395 [INFO]:[MainThread] Scheduling next break
2017-08-08 19:46:43,395 [INFO]:[Thread-1] Update next break information
2017-08-08 19:46:43,406 [INFO]:[Thread-1] Pre-break waiting for 15 minutes
2017-08-08 19:56:48,547 [INFO]:[MainThread] Starting Safe Eyes
2017-08-08 19:56:48,555 [INFO]:[MainThread] Reading the configuration file
2017-08-08 19:56:48,555 [INFO]:[MainThread] Use system language for Safe Eyes
2017-08-08 19:56:48,556 [INFO]:[MainThread] Initialize the tray icon
2017-08-08 19:56:48,583 [INFO]:[MainThread] Initialize the break screen
2017-08-08 19:56:48,583 [INFO]:[MainThread] Initialize the notification
2017-08-08 19:56:48,586 [INFO]:[MainThread] Load all the plugins
2017-08-08 19:56:48,586 [INFO]:[MainThread] Initialize the core
2017-08-08 19:56:48,586 [INFO]:[MainThread] Scheduling next break
2017-08-08 19:56:48,587 [INFO]:[Thread-1] Update next break information
2017-08-08 19:56:48,595 [INFO]:[Thread-1] Pre-break waiting for 15 minutes
2017-08-08 19:58:40,850 [INFO]:[MainThread] Starting Safe Eyes
2017-08-08 19:58:40,858 [INFO]:[MainThread] Reading the configuration file
2017-08-08 19:58:40,858 [INFO]:[MainThread] Use system language for Safe Eyes
2017-08-08 19:58:40,858 [INFO]:[MainThread] Initialize the tray icon
2017-08-08 19:58:40,886 [INFO]:[MainThread] Initialize the break screen
2017-08-08 19:58:40,886 [INFO]:[MainThread] Initialize the notification
2017-08-08 19:58:40,886 [INFO]:[MainThread] Load all the plugins
2017-08-08 19:58:40,886 [INFO]:[MainThread] Initialize the core
2017-08-08 19:58:40,887 [INFO]:[MainThread] Scheduling next break
2017-08-08 19:58:40,887 [INFO]:[Thread-1] Update next break information
2017-08-08 19:58:40,895 [INFO]:[Thread-1] Pre-break waiting for 2 minutes
2017-08-08 19:59:31,810 [INFO]:[MainThread] Starting Safe Eyes
2017-08-08 19:59:31,817 [INFO]:[MainThread] Reading the configuration file
2017-08-08 19:59:31,817 [INFO]:[MainThread] Use system language for Safe Eyes
2017-08-08 19:59:31,817 [INFO]:[MainThread] Initialize the tray icon
2017-08-08 19:59:31,844 [INFO]:[MainThread] Initialize the break screen
2017-08-08 19:59:31,844 [INFO]:[MainThread] Initialize the notification
2017-08-08 19:59:31,844 [INFO]:[MainThread] Load all the plugins
2017-08-08 19:59:31,844 [INFO]:[MainThread] Initialize the core
2017-08-08 19:59:31,844 [INFO]:[MainThread] Scheduling next break
2017-08-08 19:59:31,845 [INFO]:[Thread-1] Update next break information
2017-08-08 19:59:31,853 [INFO]:[Thread-1] Pre-break waiting for 2 minutes
2017-08-08 20:00:08,664 [INFO]:[MainThread] Starting Safe Eyes
2017-08-08 20:00:08,671 [INFO]:[MainThread] Reading the configuration file
2017-08-08 20:00:08,671 [INFO]:[MainThread] Use system language for Safe Eyes
2017-08-08 20:00:08,672 [INFO]:[MainThread] Initialize the tray icon
2017-08-08 20:00:08,699 [INFO]:[MainThread] Initialize the break screen
2017-08-08 20:00:08,700 [INFO]:[MainThread] Initialize the notification
2017-08-08 20:00:08,700 [INFO]:[MainThread] Load all the plugins
2017-08-08 20:00:08,700 [INFO]:[MainThread] Initialize the core
2017-08-08 20:00:08,700 [INFO]:[MainThread] Scheduling next break
2017-08-08 20:00:08,700 [INFO]:[Thread-1] Update next break information
2017-08-08 20:00:08,709 [INFO]:[Thread-1] Pre-break waiting for 2 minutes
2017-08-08 20:02:08,709 [INFO]:[Thread-1] Pre-break waiting is over
2017-08-08 20:02:08,710 [INFO]:[Thread-1] Ready to show the break
2017-08-08 20:02:08,711 [INFO]:[MainThread] Searching for full-screen application
2017-08-08 20:02:08,721 [INFO]:[Thread-3] Show pre-break notification
2017-08-08 20:02:08,735 [INFO]:[Thread-3] Wait for 1 seconds which is the time to prepare
2017-08-08 20:02:09,736 [INFO]:[MainThread] Searching for full-screen application
2017-08-08 20:02:09,745 [INFO]:[Thread-4] Count is 0; get a short beak message
2017-08-08 20:02:09,746 [INFO]:[Thread-4] Show the break screen
2017-08-08 20:02:09,746 [INFO]:[Thread-4] Close pre-break notification
2017-08-08 20:02:09,751 [INFO]:[Thread-5] Lock the keyboard
2017-08-08 20:02:09,752 [INFO]:[MainThread] Show break screens in all displays
2017-08-08 20:02:10,751 [INFO]:[Thread-4] Break is terminated automatically
2017-08-08 20:02:10,752 [INFO]:[Thread-4] Close the break screen
2017-08-08 20:02:10,754 [INFO]:[Thread-4] Close the break screen(s)
2017-08-08 20:02:10,755 [INFO]:[Thread-5] Unlock the keyboard
2017-08-08 20:02:10,758 [INFO]:[Thread-6] Update next break information
2017-08-08 20:02:10,759 [INFO]:[Thread-6] Pre-break waiting for 2 minutes
2017-08-08 20:09:10,435 [INFO]:[MainThread] Starting Safe Eyes
2017-08-08 20:09:10,442 [INFO]:[MainThread] Reading the configuration file
2017-08-08 20:09:10,443 [INFO]:[MainThread] Use system language for Safe Eyes
2017-08-08 20:09:10,443 [INFO]:[MainThread] Initialize the tray icon
2017-08-08 20:09:10,472 [INFO]:[MainThread] Initialize the break screen
2017-08-08 20:09:10,472 [INFO]:[MainThread] Initialize the notification
2017-08-08 20:09:10,473 [INFO]:[MainThread] Load all the plugins
2017-08-08 20:09:10,473 [INFO]:[MainThread] Initialize the core
2017-08-08 20:09:10,473 [INFO]:[MainThread] Scheduling next break
2017-08-08 20:09:10,473 [INFO]:[Thread-1] Update next break information
2017-08-08 20:09:10,484 [INFO]:[Thread-1] Pre-break waiting for 2 minutes
2017-08-08 20:11:10,484 [INFO]:[Thread-1] Pre-break waiting is over
2017-08-08 20:11:10,485 [INFO]:[Thread-1] Ready to show the break
2017-08-08 20:11:10,486 [INFO]:[MainThread] Searching for full-screen application
2017-08-08 20:11:10,497 [INFO]:[Thread-3] Show pre-break notification
2017-08-08 20:11:10,511 [INFO]:[Thread-3] Wait for 1 seconds which is the time to prepare
2017-08-08 20:11:11,512 [INFO]:[MainThread] Searching for full-screen application
2017-08-08 20:11:11,521 [INFO]:[Thread-4] Count is 0; get a short beak message
2017-08-08 20:11:11,521 [INFO]:[Thread-4] Show the break screen
2017-08-08 20:11:11,521 [INFO]:[Thread-4] Close pre-break notification
2017-08-08 20:11:11,526 [INFO]:[Thread-5] Lock the keyboard
2017-08-08 20:11:11,527 [INFO]:[MainThread] Show break screens in all displays
2017-08-08 20:11:12,527 [INFO]:[Thread-4] Break is terminated automatically
2017-08-08 20:11:12,527 [INFO]:[Thread-4] Close the break screen
2017-08-08 20:11:12,528 [INFO]:[Thread-4] Close the break screen(s)
2017-08-08 20:11:12,528 [INFO]:[Thread-5] Unlock the keyboard
2017-08-08 20:11:12,530 [INFO]:[Thread-6] Update next break information
2017-08-08 20:11:12,531 [INFO]:[Thread-6] Pre-break waiting for 2 minutes
2017-08-08 20:13:12,531 [INFO]:[Thread-6] Pre-break waiting is over
2017-08-08 20:13:12,532 [INFO]:[Thread-6] Ready to show the break
2017-08-08 20:13:12,532 [INFO]:[MainThread] Searching for full-screen application
2017-08-08 20:13:12,541 [INFO]:[Thread-7] Show pre-break notification
2017-08-08 20:13:12,550 [INFO]:[Thread-7] Wait for 1 seconds which is the time to prepare
2017-08-08 20:13:13,551 [INFO]:[MainThread] Searching for full-screen application
2017-08-08 20:13:13,560 [INFO]:[Thread-8] Count is 1; get a short beak message
2017-08-08 20:13:13,561 [INFO]:[Thread-8] Show the break screen
2017-08-08 20:13:13,561 [INFO]:[Thread-8] Close pre-break notification
2017-08-08 20:13:13,566 [INFO]:[Thread-9] Lock the keyboard
2017-08-08 20:13:13,567 [INFO]:[MainThread] Show break screens in all displays
2017-08-08 20:13:14,569 [INFO]:[Thread-8] Break is terminated automatically
2017-08-08 20:13:14,569 [INFO]:[Thread-8] Close the break screen
2017-08-08 20:13:14,570 [INFO]:[Thread-8] Close the break screen(s)
2017-08-08 20:13:14,570 [INFO]:[Thread-9] Unlock the keyboard
2017-08-08 20:13:14,571 [INFO]:[Thread-10] Update next break information
2017-08-08 20:13:14,572 [INFO]:[Thread-10] Pre-break waiting for 2 minutes
2017-08-08 20:15:14,573 [INFO]:[Thread-10] Pre-break waiting is over
2017-08-08 20:15:14,573 [INFO]:[Thread-10] Ready to show the break
2017-08-08 20:15:14,574 [INFO]:[MainThread] Searching for full-screen application
2017-08-08 20:15:14,584 [INFO]:[Thread-11] Show pre-break notification
2017-08-08 20:15:14,594 [INFO]:[Thread-11] Wait for 1 seconds which is the time to prepare
2017-08-08 20:15:15,595 [INFO]:[MainThread] Searching for full-screen application
2017-08-08 20:15:15,605 [INFO]:[Thread-12] Count is 2; get a short beak message
2017-08-08 20:15:15,605 [INFO]:[Thread-12] Show the break screen
2017-08-08 20:15:15,605 [INFO]:[Thread-12] Close pre-break notification
2017-08-08 20:15:15,611 [INFO]:[Thread-13] Lock the keyboard
2017-08-08 20:15:15,612 [INFO]:[MainThread] Show break screens in all displays
2017-08-08 20:15:16,611 [INFO]:[Thread-12] Break is terminated automatically
2017-08-08 20:15:16,612 [INFO]:[Thread-12] Close the break screen
2017-08-08 20:15:16,612 [INFO]:[Thread-12] Close the break screen(s)
2017-08-08 20:15:16,613 [INFO]:[Thread-14] Update next break information
2017-08-08 20:15:16,614 [INFO]:[Thread-14] Pre-break waiting for 2 minutes
2017-08-08 20:15:16,615 [INFO]:[Thread-13] Unlock the keyboard
